C:\Users\Администратор\documents\visual studio 2012\Projects\auto_keyboard\auto_keyboard\Debug\auto_keyboard.autokeyboard_form.resources
C:\USERS\Администратор\DOCUMENTS\VISUAL STUDIO 2012\PROJECTS\AUTO_KEYBOARD\AUTO_KEYBOARD\DEBUG\AUTOKEYBOARD_FORM.OBJ
C:\USERS\АДМИНИСТРАТОР\DOCUMENTS\VISUAL STUDIO 2012\PROJECTS\AUTO_KEYBOARD\AUTO_KEYBOARD\DEBUG\VC110.PDB
C:\USERS\Администратор\DOCUMENTS\VISUAL STUDIO 2012\PROJECTS\AUTO_KEYBOARD\DEBUG\AUTO_KEYBOARD.ILK
C:\USERS\Администратор\DOCUMENTS\VISUAL STUDIO 2012\PROJECTS\AUTO_KEYBOARD\DEBUG\AUTO_KEYBOARD.EXE
C:\USERS\АДМИНИСТРАТОР\DOCUMENTS\VISUAL STUDIO 2012\PROJECTS\AUTO_KEYBOARD\DEBUG\AUTO_KEYBOARD.PDB
C:\Users\Администратор\documents\visual studio 2012\Projects\auto_keyboard\auto_keyboard\Debug\auto_keyboard.vcxproj.GenerateResource.Cache
C:\Users\Администратор\documents\visual studio 2012\Projects\auto_keyboard\auto_keyboard\Debug\auto_keyboard.vcxprojResolveAssemblyReference.cache
C:\Users\Администратор\documents\visual studio 2012\Projects\auto_keyboard\auto_keyboard\Debug\autokeyboard_form.obj
C:\Users\Администратор\documents\visual studio 2012\Projects\auto_keyboard\auto_keyboard\Debug\auto_keyboard.write.1.tlog
C:\Users\Администратор\documents\visual studio 2012\Projects\auto_keyboard\auto_keyboard\Debug\cl.command.1.tlog
C:\Users\Администратор\documents\visual studio 2012\Projects\auto_keyboard\auto_keyboard\Debug\CL.read.1.tlog
C:\Users\Администратор\documents\visual studio 2012\Projects\auto_keyboard\auto_keyboard\Debug\CL.write.1.tlog
C:\Users\Администратор\documents\visual studio 2012\Projects\auto_keyboard\auto_keyboard\Debug\link.3588-cvtres.read.1.tlog
C:\Users\Администратор\documents\visual studio 2012\Projects\auto_keyboard\auto_keyboard\Debug\link.3588-cvtres.write.1.tlog
C:\Users\Администратор\documents\visual studio 2012\Projects\auto_keyboard\auto_keyboard\Debug\link.3588-rc.read.1.tlog
C:\Users\Администратор\documents\visual studio 2012\Projects\auto_keyboard\auto_keyboard\Debug\link.3588-rc.write.1.tlog
C:\Users\Администратор\documents\visual studio 2012\Projects\auto_keyboard\auto_keyboard\Debug\link.3588.read.1.tlog
C:\Users\Администратор\documents\visual studio 2012\Projects\auto_keyboard\auto_keyboard\Debug\link.3588.write.1.tlog
C:\Users\Администратор\documents\visual studio 2012\Projects\auto_keyboard\auto_keyboard\Debug\link.command.1.tlog
C:\Users\Администратор\documents\visual studio 2012\Projects\auto_keyboard\auto_keyboard\Debug\link.read.1.tlog
C:\Users\Администратор\documents\visual studio 2012\Projects\auto_keyboard\auto_keyboard\Debug\link.write.1.tlog
C:\Users\Администратор\documents\visual studio 2012\Projects\auto_keyboard\auto_keyboard\Debug\metagen.read.1.tlog
C:\Users\Администратор\documents\visual studio 2012\Projects\auto_keyboard\auto_keyboard\Debug\metagen.write.1.tlog
C:\Users\Администратор\documents\visual studio 2012\Projects\auto_keyboard\auto_keyboard\Debug\vc110.pdb
C:\Users\Администратор\documents\visual studio 2012\Projects\auto_keyboard\auto_keyboard\Debug\RSAENH.DLL.bi
C:\Users\Администратор\documents\visual studio 2012\Projects\auto_keyboard\auto_keyboard\Debug\TZRES.DLL.bi
C:\Users\Администратор\documents\visual studio 2012\Projects\auto_keyboard\Debug\auto_keyboard.pdb
C:\Users\Администратор\documents\visual studio 2012\Projects\auto_keyboard\Debug\auto_keyboard.exe
C:\Users\Администратор\documents\visual studio 2012\Projects\auto_keyboard\Debug\auto_keyboard.ilk
